INFO:sim:172 - Generating IP...
Resolving generics for 'IP_data_memory'...
Applying external generics to 'IP_data_memory'...
Delivering associated files for 'IP_data_memory'...
Delivering EJava files for 'IP_data_memory'...
Generating implementation netlist for 'IP_data_memory'...
INFO:sim - Pre-processing HDL files for 'IP_data_memory'...
Running synthesis for 'IP_data_memory'
Running ngcbuild...
Writing VEO instantiation template for 'IP_data_memory'...
Writing Verilog behavioral simulation model for 'IP_data_memory'...
WARNING:sim - Overwriting existing file
   C:/Users/admin/Desktop/pv/MIPS/ipcore_dir/tmp/_cg/IP_data_memory/doc/blk_mem_
   gen_v7_3_vinfo.html with file from view xilinx_documentation
Delivered 1 file into directory
C:/Users/admin/Desktop/pv/MIPS/ipcore_dir/tmp/_cg/IP_data_memory
Generating ASY schematic symbol...
INFO:sim:949 - Finished generation of ASY schematic symbol.
Generating SYM schematic symbol for 'IP_data_memory'...
Generating metadata file...
Generating ISE project file for 'IP_data_memory'...
Generating ISE project...
XCO file found: IP_data_memory.xco
XMDF file found: IP_data_memory_xmdf.tcl
Adding C:/Users/admin/Desktop/pv/MIPS/ipcore_dir/tmp/_cg/IP_data_memory.asy
-view all -origin_type imported
Adding C:/Users/admin/Desktop/pv/MIPS/ipcore_dir/tmp/_cg/IP_data_memory.ngc
-view all -origin_type created
Checking file
"C:/Users/admin/Desktop/pv/MIPS/ipcore_dir/tmp/_cg/IP_data_memory.ngc" for
project device match ...
File "C:/Users/admin/Desktop/pv/MIPS/ipcore_dir/tmp/_cg/IP_data_memory.ngc"
device information matches project device.
Adding C:/Users/admin/Desktop/pv/MIPS/ipcore_dir/tmp/_cg/IP_data_memory.sym
-view all -origin_type imported
Adding C:/Users/admin/Desktop/pv/MIPS/ipcore_dir/tmp/_cg/IP_data_memory.v -view
all -origin_type created
INFO:HDLCompiler:1845 - Analyzing Verilog file
   "C:/Users/admin/Desktop/pv/MIPS/ipcore_dir/tmp/_cg/IP_data_memory.v" into
   library work
INFO:ProjectMgmt - Parsing design hierarchy completed successfully.
Adding C:/Users/admin/Desktop/pv/MIPS/ipcore_dir/tmp/_cg/IP_data_memory.veo
-view all -origin_type imported
INFO:TclTasksC:2116 - The automatic calculation of top has been turned-off.
   Please set the new top explicitly by running the "project set top" command.
   To re-calculate the new top automatically, set the "Auto Implementation Top"
   property to true.
Top level has been set to "/IP_data_memory"
Generating README file...
Generating FLIST file...
INFO:sim:948 - Finished FLIST file generation.
Launching README viewer...
Moving files to output directory...
Finished moving files to output directory
Wrote CGP file for project 'IP_data_memory'.
