Command line:
   MIPS_tb_isim_beh.exe
     -simmode  gui
     -simrunnum  0
     -socket  51104

Sun Oct 23 23:15:53 2016


 Elaboration Time: 0.328125 sec

 Current Memory Usage: 856.687 Meg

 Total Signals          : 531
 Total Nets             : 1635
 Total Signal Drivers   : 275
 Total Blocks           : 45
 Total Primitive Blocks : 35
 Total Processes        : 293
 Total Traceable Variables  : 700
 Total Scalar Nets and Variables : 45237
Total Line Count : 1059

 Total Simulation Time: 0.515625 sec

 Current Memory Usage: 384.786 Meg

Sun Oct 23 23:19:38 2016

